Fri Apr 13 2018 10:23:43 GMT+0200 (CEST): GET /
Fri Apr 13 2018 10:23:49 GMT+0200 (CEST): GET /
Fri Apr 13 2018 10:23:49 GMT+0200 (CEST): GET /about
Fri Apr 13 2018 10:25:43 GMT+0200 (CEST): GET /about
Fri Apr 13 2018 10:26:23 GMT+0200 (CEST): GET /
Fri Apr 13 2018 10:26:24 GMT+0200 (CEST): GET /about
Fri Apr 13 2018 10:26:58 GMT+0200 (CEST): GET /about
Fri Apr 13 2018 10:27:34 GMT+0200 (CEST): GET /help.html
Fri Apr 13 2018 10:27:47 GMT+0200 (CEST): GET /help.html
Fri Apr 13 2018 10:27:52 GMT+0200 (CEST): GET /
Fri Apr 13 2018 11:56:58 GMT+0200 (CEST): GET /
Fri Apr 13 2018 13:01:40 GMT+0200 (CEST): GET /
Fri Apr 13 2018 13:17:34 GMT+0200 (CEST): GET /
Fri Apr 13 2018 13:18:05 GMT+0200 (CEST): GET /
Fri Apr 13 2018 13:18:05 GMT+0200 (CEST): GET /projects
Fri Apr 13 2018 13:18:24 GMT+0200 (CEST): GET /projects
Fri Apr 13 2018 13:21:40 GMT+0200 (CEST): GET /projects
Fri Apr 13 2018 13:22:05 GMT+0200 (CEST): GET /projects
Fri Apr 13 2018 13:22:29 GMT+0200 (CEST): GET /projects
Fri Apr 13 2018 13:22:34 GMT+0200 (CEST): GET /
Fri Apr 13 2018 13:22:34 GMT+0200 (CEST): GET /stylesheet.css
Fri Apr 13 2018 13:22:35 GMT+0200 (CEST): GET /
Fri Apr 13 2018 13:22:35 GMT+0200 (CEST): GET /stylesheet.css
Fri Apr 13 2018 13:23:20 GMT+0200 (CEST): GET /
Fri Apr 13 2018 13:23:20 GMT+0200 (CEST): GET /stylesheet.css
Fri Apr 13 2018 13:23:23 GMT+0200 (CEST): GET /
Fri Apr 13 2018 13:23:23 GMT+0200 (CEST): GET /stylesheet.css
Fri Apr 13 2018 13:23:24 GMT+0200 (CEST): GET /
Fri Apr 13 2018 13:23:24 GMT+0200 (CEST): GET /stylesheet.css
Fri Apr 13 2018 13:24:15 GMT+0200 (CEST): GET /
Fri Apr 13 2018 13:24:16 GMT+0200 (CEST): GET /
Fri Apr 13 2018 13:24:16 GMT+0200 (CEST): GET /stylesheet.css
Fri Apr 13 2018 13:24:30 GMT+0200 (CEST): GET /about
Fri Apr 13 2018 13:24:31 GMT+0200 (CEST): GET /projects
Fri Apr 13 2018 13:24:31 GMT+0200 (CEST): GET /
Fri Apr 13 2018 13:24:31 GMT+0200 (CEST): GET /stylesheet.css
Fri Apr 13 2018 13:24:40 GMT+0200 (CEST): GET /
Fri Apr 13 2018 13:24:40 GMT+0200 (CEST): GET /stylesheet.css
Fri Apr 13 2018 13:24:49 GMT+0200 (CEST): GET /projects
Fri Apr 13 2018 13:24:49 GMT+0200 (CEST): GET /stylesheet.css
